<?xml version="1.0" encoding="UTF-8"?>
<testng-results skipped="0" failed="0" total="1" passed="1">
  <reporter-output>
  </reporter-output>
  <suite name="Default suite" duration-ms="2218" started-at="2020-06-17T19:18:43Z" finished-at="2020-06-17T19:18:45Z">
    <groups>
    </groups>
    <test name="Default test" duration-ms="2218" started-at="2020-06-17T19:18:43Z" finished-at="2020-06-17T19:18:45Z">
      <class name="Demo.TestNGExcelConcept">
        <test-method status="PASS" signature="testMethod()[pri:0, instance:Demo.TestNGExcelConcept@6833ce2c]" name="testMethod" duration-ms="2170" started-at="2020-06-18T00:48:43Z" finished-at="2020-06-18T00:48:45Z">
          <reporter-output>
          </reporter-output>
        </test-method> <!-- testMethod -->
      </class> <!-- Demo.TestNGExcelConcept -->
    </test> <!-- Default test -->
  </suite> <!-- Default suite -->
</testng-results>
